<?xml version="1.0" encoding="UTF-8"?>
<testsuite name="com.example.restaurant.RestaurantApplicationTests" tests="1" skipped="0" failures="0" errors="0" timestamp="2023-02-18T08:22:04" hostname="DESKTOP-7G9O176" time="0.384">
  <properties/>
  <testcase name="contextLoads()" classname="com.example.restaurant.RestaurantApplicationTests" time="0.384"/>
  <system-out><![CDATA[17:22:00.785 [Test worker] DEBUG org.springframework.test.context.BootstrapUtils - Instantiating CacheAwareContextLoaderDelegate from class [org.springframework.test.context.cache.DefaultCacheAwareContextLoaderDelegate]
17:22:00.800 [Test worker] DEBUG org.springframework.test.context.BootstrapUtils - Instantiating BootstrapContext using constructor [public org.springframework.test.context.support.DefaultBootstrapContext(java.lang.Class,org.springframework.test.context.CacheAwareContextLoaderDelegate)]
17:22:00.835 [Test worker] DEBUG org.springframework.test.context.BootstrapUtils - Instantiating TestContextBootstrapper for test class [com.example.restaurant.RestaurantApplicationTests] from class [org.springframework.boot.test.context.SpringBootTestContextBootstrapper]
17:22:00.846 [Test worker] INFO org.springframework.boot.test.context.SpringBootTestContextBootstrapper - Neither @ContextConfiguration nor @ContextHierarchy found for test class [com.example.restaurant.RestaurantApplicationTests], using SpringBootContextLoader
17:22:00.850 [Test worker] DEBUG org.springframework.test.context.support.AbstractContextLoader - Did not detect default resource location for test class [com.example.restaurant.RestaurantApplicationTests]: class path resource [com/example/restaurant/RestaurantApplicationTests-context.xml] does not exist
17:22:00.851 [Test worker] DEBUG org.springframework.test.context.support.AbstractContextLoader - Did not detect default resource location for test class [com.example.restaurant.RestaurantApplicationTests]: class path resource [com/example/restaurant/RestaurantApplicationTestsContext.groovy] does not exist
17:22:00.851 [Test worker] INFO org.springframework.test.context.support.AbstractContextLoader - Could not detect default resource locations for test class [com.example.restaurant.RestaurantApplicationTests]: no resource found for suffixes {-context.xml, Context.groovy}.
17:22:00.852 [Test worker] INFO org.springframework.test.context.support.AnnotationConfigContextLoaderUtils - Could not detect default configuration classes for test class [com.example.restaurant.RestaurantApplicationTests]: RestaurantApplicationTests does not declare any static, non-private, non-final, nested classes annotated with @Configuration.
17:22:00.905 [Test worker] DEBUG org.springframework.test.context.support.ActiveProfilesUtils - Could not find an 'annotation declaring class' for annotation type [org.springframework.test.context.ActiveProfiles] and class [com.example.restaurant.RestaurantApplicationTests]
17:22:00.975 [Test worker] DEBUG org.springframework.context.annotation.ClassPathScanningCandidateComponentProvider - Identified candidate component class: file [C:\Users\jiheo\OneDrive\바탕 화면\10. 네이버 지역검색 API를 활용한 맛집 List 만들기\restaurant\build\classes\java\main\com\example\restaurant\RestaurantApplication.class]
17:22:00.977 [Test worker] INFO org.springframework.boot.test.context.SpringBootTestContextBootstrapper - Found @SpringBootConfiguration com.example.restaurant.RestaurantApplication for test class com.example.restaurant.RestaurantApplicationTests
17:22:01.087 [Test worker] DEBUG org.springframework.boot.test.context.SpringBootTestContextBootstrapper - @TestExecutionListeners is not present for class [com.example.restaurant.RestaurantApplicationTests]: using defaults.
17:22:01.088 [Test worker] INFO org.springframework.boot.test.context.SpringBootTestContextBootstrapper - Loaded default TestExecutionListener class names from location [META-INF/spring.factories]: [org.springframework.boot.test.autoconfigure.restdocs.RestDocsTestExecutionListener, org.springframework.boot.test.autoconfigure.web.client.MockRestServiceServerResetTestExecutionListener, org.springframework.boot.test.autoconfigure.web.servlet.MockMvcPrintOnlyOnFailureTestExecutionListener, org.springframework.boot.test.autoconfigure.web.servlet.WebDriverTestExecutionListener, org.springframework.boot.test.autoconfigure.webservices.client.MockWebServiceServerTestExecutionListener, org.springframework.boot.test.mock.mockito.MockitoTestExecutionListener, org.springframework.boot.test.mock.mockito.ResetMocksTestExecutionListener, org.springframework.test.context.web.ServletTestExecutionListener, org.springframework.test.context.support.DirtiesContextBeforeModesTestExecutionListener, org.springframework.test.context.event.ApplicationEventsTestExecutionListener, org.springframework.test.context.support.DependencyInjectionTestExecutionListener, org.springframework.test.context.support.DirtiesContextTestExecutionListener, org.springframework.test.context.transaction.TransactionalTestExecutionListener, org.springframework.test.context.jdbc.SqlScriptsTestExecutionListener, org.springframework.test.context.event.EventPublishingTestExecutionListener]
17:22:01.101 [Test worker] DEBUG org.springframework.boot.test.context.SpringBootTestContextBootstrapper - Skipping candidate TestExecutionListener [org.springframework.test.context.transaction.TransactionalTestExecutionListener] due to a missing dependency. Specify custom listener classes or make the default listener classes and their required dependencies available. Offending class: [org/springframework/transaction/interceptor/TransactionAttributeSource]
17:22:01.102 [Test worker] DEBUG org.springframework.boot.test.context.SpringBootTestContextBootstrapper - Skipping candidate TestExecutionListener [org.springframework.test.context.jdbc.SqlScriptsTestExecutionListener] due to a missing dependency. Specify custom listener classes or make the default listener classes and their required dependencies available. Offending class: [org/springframework/transaction/interceptor/TransactionAttribute]
17:22:01.102 [Test worker] INFO org.springframework.boot.test.context.SpringBootTestContextBootstrapper - Using TestExecutionListeners: [org.springframework.test.context.web.ServletTestExecutionListener@6aca3f8, org.springframework.test.context.support.DirtiesContextBeforeModesTestExecutionListener@64c16945, org.springframework.test.context.event.ApplicationEventsTestExecutionListener@6f30e7c9, org.springframework.boot.test.mock.mockito.MockitoTestExecutionListener@2445802f, org.springframework.boot.test.autoconfigure.SpringBootDependencyInjectionTestExecutionListener@4795443c, org.springframework.test.context.support.DirtiesContextTestExecutionListener@28f196ca, org.springframework.test.context.event.EventPublishingTestExecutionListener@401732b2, org.springframework.boot.test.autoconfigure.restdocs.RestDocsTestExecutionListener@48db9667, org.springframework.boot.test.autoconfigure.web.client.MockRestServiceServerResetTestExecutionListener@25028fe4, org.springframework.boot.test.autoconfigure.web.servlet.MockMvcPrintOnlyOnFailureTestExecutionListener@1e10a48, org.springframework.boot.test.autoconfigure.web.servlet.WebDriverTestExecutionListener@781a3a64, org.springframework.boot.test.autoconfigure.webservices.client.MockWebServiceServerTestExecutionListener@6ce6e3ae, org.springframework.boot.test.mock.mockito.ResetMocksTestExecutionListener@5daa3c79]
17:22:01.106 [Test worker] DEBUG org.springframework.test.context.support.AbstractDirtiesContextTestExecutionListener - Before test class: context [DefaultTestContext@786dbae4 testClass = RestaurantApplicationTests, testInstance = [null], testMethod = [null], testException = [null], mergedContextConfiguration = [WebMergedContextConfiguration@68e48697 testClass = RestaurantApplicationTests, locations = '{}', classes = '{class com.example.restaurant.RestaurantApplication}', contextInitializerClasses = '[]', activeProfiles = '{}', propertySourceLocations = '{}', propertySourceProperties = '{org.springframework.boot.test.context.SpringBootTestContextBootstrapper=true}', contextCustomizers = set[org.springframework.boot.test.autoconfigure.actuate.metrics.MetricsExportContextCustomizerFactory$DisableMetricExportContextCustomizer@d49dbe9, org.springframework.boot.test.autoconfigure.properties.PropertyMappingContextCustomizer@0, org.springframework.boot.test.autoconfigure.web.servlet.WebDriverContextCustomizerFactory$Customizer@3a286641, org.springframework.boot.test.context.filter.ExcludeFilterContextCustomizer@52f4660d, org.springframework.boot.test.json.DuplicateJsonObjectContextCustomizerFactory$DuplicateJsonObjectContextCustomizer@289cd8d5, org.springframework.boot.test.mock.mockito.MockitoContextCustomizer@0, org.springframework.boot.test.web.client.TestRestTemplateContextCustomizer@6598bb04, org.springframework.boot.test.context.SpringBootTestArgs@1, org.springframework.boot.test.context.SpringBootTestWebEnvironment@720cc8c], resourceBasePath = 'src/main/webapp', contextLoader = 'org.springframework.boot.test.context.SpringBootContextLoader', parent = [null]], attributes = map['org.springframework.test.context.web.ServletTestExecutionListener.activateListener' -> true]], class annotated with @DirtiesContext [false] with mode [null].
17:22:01.150 [Test worker] DEBUG org.springframework.test.context.support.TestPropertySourceUtils - Adding inlined properties to environment: {spring.jmx.enabled=false, org.springframework.boot.test.context.SpringBootTestContextBootstrapper=true}

  .   ____          _            __ _ _
 /\\ / ___'_ __ _ _(_)_ __  __ _ \ \ \ \
( ( )\___ | '_ | '_| | '_ \/ _` | \ \ \ \
 \\/  ___)| |_)| | | | | || (_| |  ) ) ) )
  '  |____| .__|_| |_|_| |_\__, | / / / /
 =========|_|==============|___/=/_/_/_/
 :: Spring Boot ::                (v2.4.5)

2023-02-18 17:22:01.457  INFO 2288 --- [    Test worker] c.e.r.RestaurantApplicationTests         : Starting RestaurantApplicationTests using Java 11.0.18 on DESKTOP-7G9O176 with PID 2288 (started by jiheo in C:\Users\jiheo\OneDrive\바탕 화면\10. 네이버 지역검색 API를 활용한 맛집 List 만들기\restaurant)
2023-02-18 17:22:01.467  INFO 2288 --- [    Test worker] c.e.r.RestaurantApplicationTests         : No active profile set, falling back to default profiles: default
2023-02-18 17:22:03.606  INFO 2288 --- [    Test worker] o.s.s.concurrent.ThreadPoolTaskExecutor  : Initializing ExecutorService 'applicationTaskExecutor'
2023-02-18 17:22:04.206  INFO 2288 --- [    Test worker] c.e.r.RestaurantApplicationTests         : Started RestaurantApplicationTests in 3.047 seconds (JVM running for 4.348)
]]></system-out>
  <system-err><![CDATA[]]></system-err>
</testsuite>
